running egg_info
creating ../build/task01/task01.egg-info
writing ../build/task01/task01.egg-info/PKG-INFO
writing dependency_links to ../build/task01/task01.egg-info/dependency_links.txt
writing entry points to ../build/task01/task01.egg-info/entry_points.txt
writing requirements to ../build/task01/task01.egg-info/requires.txt
writing top-level names to ../build/task01/task01.egg-info/top_level.txt
writing manifest file '../build/task01/task01.egg-info/SOURCES.txt'
reading manifest file '../build/task01/task01.egg-info/SOURCES.txt'
writing manifest file '../build/task01/task01.egg-info/SOURCES.txt'
running build
running build_py
creating /ros2SonyaBurg/Practice02/src/build/task01/build
creating /ros2SonyaBurg/Practice02/src/build/task01/build/lib
creating /ros2SonyaBurg/Practice02/src/build/task01/build/lib/task01
copying task01/__init__.py -> /ros2SonyaBurg/Practice02/src/build/task01/build/lib/task01
copying task01/reciever.py -> /ros2SonyaBurg/Practice02/src/build/task01/build/lib/task01
running install
running install_lib
creating /ros2SonyaBurg/Practice02/src/install/task01/lib/python3.10/site-packages/task01
copying /ros2SonyaBurg/Practice02/src/build/task01/build/lib/task01/__init__.py -> /ros2SonyaBurg/Practice02/src/install/task01/lib/python3.10/site-packages/task01
copying /ros2SonyaBurg/Practice02/src/build/task01/build/lib/task01/reciever.py -> /ros2SonyaBurg/Practice02/src/install/task01/lib/python3.10/site-packages/task01
byte-compiling /ros2SonyaBurg/Practice02/src/install/task01/lib/python3.10/site-packages/task01/__init__.py to __init__.cpython-310.pyc
byte-compiling /ros2SonyaBurg/Practice02/src/install/task01/lib/python3.10/site-packages/task01/reciever.py to reciever.cpython-310.pyc
running install_data
creating /ros2SonyaBurg/Practice02/src/install/task01/share/ament_index
creating /ros2SonyaBurg/Practice02/src/install/task01/share/ament_index/resource_index
creating /ros2SonyaBurg/Practice02/src/install/task01/share/ament_index/resource_index/packages
copying resource/task01 -> /ros2SonyaBurg/Practice02/src/install/task01/share/ament_index/resource_index/packages
copying package.xml -> /ros2SonyaBurg/Practice02/src/install/task01/share/task01
creating /ros2SonyaBurg/Practice02/src/install/task01/share/task01/launch
copying ./launch/task01.launch -> /ros2SonyaBurg/Practice02/src/install/task01/share/task01/launch/
running install_egg_info
Copying ../build/task01/task01.egg-info to /ros2SonyaBurg/Practice02/src/install/task01/lib/python3.10/site-packages/task01-0.0.0-py3.10.egg-info
running install_scripts
Installing reciever script to /ros2SonyaBurg/Practice02/src/install/task01/lib/task01
writing list of installed files to '/ros2SonyaBurg/Practice02/src/build/task01/install.log'
