[0.910s] Invoking command in '/ros2SonyaBurg/Practice02/src/task01': PYTHONPATH=/ros2SonyaBurg/Practice02/src/build/task01/prefix_override:/usr/lib/python3/dist-packages/colcon_core/task/python/colcon_distutils_commands:/ros2SonyaBurg/Practice02/src/install/task01/lib/python3.10/site-packages:${PYTHONPATH} /usr/bin/python3 -W ignore:setup.py install is deprecated setup.py egg_info --egg-base ../build/task01 build --build-base /ros2SonyaBurg/Practice02/src/build/task01/build install --record /ros2SonyaBurg/Practice02/src/build/task01/install.log --single-version-externally-managed install_data
[1.175s] running egg_info
[1.176s] creating ../build/task01/task01.egg-info
[1.176s] writing ../build/task01/task01.egg-info/PKG-INFO
[1.177s] writing dependency_links to ../build/task01/task01.egg-info/dependency_links.txt
[1.177s] writing entry points to ../build/task01/task01.egg-info/entry_points.txt
[1.177s] writing requirements to ../build/task01/task01.egg-info/requires.txt
[1.177s] writing top-level names to ../build/task01/task01.egg-info/top_level.txt
[1.178s] writing manifest file '../build/task01/task01.egg-info/SOURCES.txt'
[1.179s] reading manifest file '../build/task01/task01.egg-info/SOURCES.txt'
[1.180s] writing manifest file '../build/task01/task01.egg-info/SOURCES.txt'
[1.181s] running build
[1.181s] running build_py
[1.181s] creating /ros2SonyaBurg/Practice02/src/build/task01/build
[1.181s] creating /ros2SonyaBurg/Practice02/src/build/task01/build/lib
[1.181s] creating /ros2SonyaBurg/Practice02/src/build/task01/build/lib/task01
[1.181s] copying task01/__init__.py -> /ros2SonyaBurg/Practice02/src/build/task01/build/lib/task01
[1.181s] copying task01/reciever.py -> /ros2SonyaBurg/Practice02/src/build/task01/build/lib/task01
[1.182s] running install
[1.182s] running install_lib
[1.183s] creating /ros2SonyaBurg/Practice02/src/install/task01/lib/python3.10/site-packages/task01
[1.183s] copying /ros2SonyaBurg/Practice02/src/build/task01/build/lib/task01/__init__.py -> /ros2SonyaBurg/Practice02/src/install/task01/lib/python3.10/site-packages/task01
[1.183s] copying /ros2SonyaBurg/Practice02/src/build/task01/build/lib/task01/reciever.py -> /ros2SonyaBurg/Practice02/src/install/task01/lib/python3.10/site-packages/task01
[1.185s] byte-compiling /ros2SonyaBurg/Practice02/src/install/task01/lib/python3.10/site-packages/task01/__init__.py to __init__.cpython-310.pyc
[1.185s] byte-compiling /ros2SonyaBurg/Practice02/src/install/task01/lib/python3.10/site-packages/task01/reciever.py to reciever.cpython-310.pyc
[1.185s] running install_data
[1.185s] creating /ros2SonyaBurg/Practice02/src/install/task01/share/ament_index
[1.185s] creating /ros2SonyaBurg/Practice02/src/install/task01/share/ament_index/resource_index
[1.186s] creating /ros2SonyaBurg/Practice02/src/install/task01/share/ament_index/resource_index/packages
[1.186s] copying resource/task01 -> /ros2SonyaBurg/Practice02/src/install/task01/share/ament_index/resource_index/packages
[1.186s] copying package.xml -> /ros2SonyaBurg/Practice02/src/install/task01/share/task01
[1.187s] creating /ros2SonyaBurg/Practice02/src/install/task01/share/task01/launch
[1.187s] copying ./launch/task01.launch -> /ros2SonyaBurg/Practice02/src/install/task01/share/task01/launch/
[1.187s] running install_egg_info
[1.189s] Copying ../build/task01/task01.egg-info to /ros2SonyaBurg/Practice02/src/install/task01/lib/python3.10/site-packages/task01-0.0.0-py3.10.egg-info
[1.191s] running install_scripts
[1.223s] Installing reciever script to /ros2SonyaBurg/Practice02/src/install/task01/lib/task01
[1.223s] writing list of installed files to '/ros2SonyaBurg/Practice02/src/build/task01/install.log'
[1.261s] Invoked command in '/ros2SonyaBurg/Practice02/src/task01' returned '0': PYTHONPATH=/ros2SonyaBurg/Practice02/src/build/task01/prefix_override:/usr/lib/python3/dist-packages/colcon_core/task/python/colcon_distutils_commands:/ros2SonyaBurg/Practice02/src/install/task01/lib/python3.10/site-packages:${PYTHONPATH} /usr/bin/python3 -W ignore:setup.py install is deprecated setup.py egg_info --egg-base ../build/task01 build --build-base /ros2SonyaBurg/Practice02/src/build/task01/build install --record /ros2SonyaBurg/Practice02/src/build/task01/install.log --single-version-externally-managed install_data
