running egg_info
creating ../build/task02/task02.egg-info
writing ../build/task02/task02.egg-info/PKG-INFO
writing dependency_links to ../build/task02/task02.egg-info/dependency_links.txt
writing entry points to ../build/task02/task02.egg-info/entry_points.txt
writing requirements to ../build/task02/task02.egg-info/requires.txt
writing top-level names to ../build/task02/task02.egg-info/top_level.txt
writing manifest file '../build/task02/task02.egg-info/SOURCES.txt'
reading manifest file '../build/task02/task02.egg-info/SOURCES.txt'
writing manifest file '../build/task02/task02.egg-info/SOURCES.txt'
running build
running build_py
creating /ros2SonyaBurg/Practice02/src/build/task02/build
creating /ros2SonyaBurg/Practice02/src/build/task02/build/lib
creating /ros2SonyaBurg/Practice02/src/build/task02/build/lib/task02
copying task02/publisher.py -> /ros2SonyaBurg/Practice02/src/build/task02/build/lib/task02
copying task02/__init__.py -> /ros2SonyaBurg/Practice02/src/build/task02/build/lib/task02
running install
running install_lib
creating /ros2SonyaBurg/Practice02/src/install/task02/lib/python3.10/site-packages/task02
copying /ros2SonyaBurg/Practice02/src/build/task02/build/lib/task02/publisher.py -> /ros2SonyaBurg/Practice02/src/install/task02/lib/python3.10/site-packages/task02
copying /ros2SonyaBurg/Practice02/src/build/task02/build/lib/task02/__init__.py -> /ros2SonyaBurg/Practice02/src/install/task02/lib/python3.10/site-packages/task02
byte-compiling /ros2SonyaBurg/Practice02/src/install/task02/lib/python3.10/site-packages/task02/publisher.py to publisher.cpython-310.pyc
byte-compiling /ros2SonyaBurg/Practice02/src/install/task02/lib/python3.10/site-packages/task02/__init__.py to __init__.cpython-310.pyc
running install_data
creating /ros2SonyaBurg/Practice02/src/install/task02/share/ament_index
creating /ros2SonyaBurg/Practice02/src/install/task02/share/ament_index/resource_index
creating /ros2SonyaBurg/Practice02/src/install/task02/share/ament_index/resource_index/packages
copying resource/task02 -> /ros2SonyaBurg/Practice02/src/install/task02/share/ament_index/resource_index/packages
copying package.xml -> /ros2SonyaBurg/Practice02/src/install/task02/share/task02
creating /ros2SonyaBurg/Practice02/src/install/task02/share/task02/config
copying config/task02.yaml -> /ros2SonyaBurg/Practice02/src/install/task02/share/task02/config
running install_egg_info
Copying ../build/task02/task02.egg-info to /ros2SonyaBurg/Practice02/src/install/task02/lib/python3.10/site-packages/task02-0.0.0-py3.10.egg-info
running install_scripts
Installing publisher script to /ros2SonyaBurg/Practice02/src/install/task02/lib/task02
writing list of installed files to '/ros2SonyaBurg/Practice02/src/build/task02/install.log'
