[0.906s] Invoking command in '/ros2SonyaBurg/Practice02/src/task02': PYTHONPATH=/ros2SonyaBurg/Practice02/src/build/task02/prefix_override:/usr/lib/python3/dist-packages/colcon_core/task/python/colcon_distutils_commands:/ros2SonyaBurg/Practice02/src/install/task02/lib/python3.10/site-packages:${PYTHONPATH} /usr/bin/python3 -W ignore:setup.py install is deprecated setup.py egg_info --egg-base ../build/task02 build --build-base /ros2SonyaBurg/Practice02/src/build/task02/build install --record /ros2SonyaBurg/Practice02/src/build/task02/install.log --single-version-externally-managed install_data
[1.168s] running egg_info
[1.169s] creating ../build/task02/task02.egg-info
[1.169s] writing ../build/task02/task02.egg-info/PKG-INFO
[1.170s] writing dependency_links to ../build/task02/task02.egg-info/dependency_links.txt
[1.170s] writing entry points to ../build/task02/task02.egg-info/entry_points.txt
[1.171s] writing requirements to ../build/task02/task02.egg-info/requires.txt
[1.171s] writing top-level names to ../build/task02/task02.egg-info/top_level.txt
[1.171s] writing manifest file '../build/task02/task02.egg-info/SOURCES.txt'
[1.173s] reading manifest file '../build/task02/task02.egg-info/SOURCES.txt'
[1.174s] writing manifest file '../build/task02/task02.egg-info/SOURCES.txt'
[1.174s] running build
[1.175s] running build_py
[1.175s] creating /ros2SonyaBurg/Practice02/src/build/task02/build
[1.175s] creating /ros2SonyaBurg/Practice02/src/build/task02/build/lib
[1.176s] creating /ros2SonyaBurg/Practice02/src/build/task02/build/lib/task02
[1.176s] copying task02/publisher.py -> /ros2SonyaBurg/Practice02/src/build/task02/build/lib/task02
[1.176s] copying task02/__init__.py -> /ros2SonyaBurg/Practice02/src/build/task02/build/lib/task02
[1.177s] running install
[1.177s] running install_lib
[1.178s] creating /ros2SonyaBurg/Practice02/src/install/task02/lib/python3.10/site-packages/task02
[1.178s] copying /ros2SonyaBurg/Practice02/src/build/task02/build/lib/task02/publisher.py -> /ros2SonyaBurg/Practice02/src/install/task02/lib/python3.10/site-packages/task02
[1.178s] copying /ros2SonyaBurg/Practice02/src/build/task02/build/lib/task02/__init__.py -> /ros2SonyaBurg/Practice02/src/install/task02/lib/python3.10/site-packages/task02
[1.178s] byte-compiling /ros2SonyaBurg/Practice02/src/install/task02/lib/python3.10/site-packages/task02/publisher.py to publisher.cpython-310.pyc
[1.178s] byte-compiling /ros2SonyaBurg/Practice02/src/install/task02/lib/python3.10/site-packages/task02/__init__.py to __init__.cpython-310.pyc
[1.178s] running install_data
[1.179s] creating /ros2SonyaBurg/Practice02/src/install/task02/share/ament_index
[1.179s] creating /ros2SonyaBurg/Practice02/src/install/task02/share/ament_index/resource_index
[1.179s] creating /ros2SonyaBurg/Practice02/src/install/task02/share/ament_index/resource_index/packages
[1.179s] copying resource/task02 -> /ros2SonyaBurg/Practice02/src/install/task02/share/ament_index/resource_index/packages
[1.179s] copying package.xml -> /ros2SonyaBurg/Practice02/src/install/task02/share/task02
[1.179s] creating /ros2SonyaBurg/Practice02/src/install/task02/share/task02/config
[1.179s] copying config/task02.yaml -> /ros2SonyaBurg/Practice02/src/install/task02/share/task02/config
[1.180s] running install_egg_info
[1.184s] Copying ../build/task02/task02.egg-info to /ros2SonyaBurg/Practice02/src/install/task02/lib/python3.10/site-packages/task02-0.0.0-py3.10.egg-info
[1.185s] running install_scripts
[1.216s] Installing publisher script to /ros2SonyaBurg/Practice02/src/install/task02/lib/task02
[1.216s] writing list of installed files to '/ros2SonyaBurg/Practice02/src/build/task02/install.log'
[1.270s] Invoked command in '/ros2SonyaBurg/Practice02/src/task02' returned '0': PYTHONPATH=/ros2SonyaBurg/Practice02/src/build/task02/prefix_override:/usr/lib/python3/dist-packages/colcon_core/task/python/colcon_distutils_commands:/ros2SonyaBurg/Practice02/src/install/task02/lib/python3.10/site-packages:${PYTHONPATH} /usr/bin/python3 -W ignore:setup.py install is deprecated setup.py egg_info --egg-base ../build/task02 build --build-base /ros2SonyaBurg/Practice02/src/build/task02/build install --record /ros2SonyaBurg/Practice02/src/build/task02/install.log --single-version-externally-managed install_data
