[1.331s] Invoking command in '/ros2SonyaBurg/Practice02/src/task02': PYTHONPATH=/ros2SonyaBurg/Practice02/src/build/task02/prefix_override:/usr/lib/python3/dist-packages/colcon_core/task/python/colcon_distutils_commands:/ros2SonyaBurg/Practice02/src/install/task02/lib/python3.10/site-packages:${PYTHONPATH} /usr/bin/python3 -W ignore:setup.py install is deprecated setup.py egg_info --egg-base ../build/task02 build --build-base /ros2SonyaBurg/Practice02/src/build/task02/build install --record /ros2SonyaBurg/Practice02/src/build/task02/install.log --single-version-externally-managed install_data
[1.656s] running egg_info
[1.658s] writing ../build/task02/task02.egg-info/PKG-INFO
[1.658s] writing dependency_links to ../build/task02/task02.egg-info/dependency_links.txt
[1.659s] writing entry points to ../build/task02/task02.egg-info/entry_points.txt
[1.659s] writing requirements to ../build/task02/task02.egg-info/requires.txt
[1.659s] writing top-level names to ../build/task02/task02.egg-info/top_level.txt
[1.662s] reading manifest file '../build/task02/task02.egg-info/SOURCES.txt'
[1.663s] writing manifest file '../build/task02/task02.egg-info/SOURCES.txt'
[1.663s] running build
[1.663s] running build_py
[1.664s] running install
[1.664s] running install_lib
[1.666s] running install_data
[1.667s] running install_egg_info
[1.672s] removing '/ros2SonyaBurg/Practice02/src/install/task02/lib/python3.10/site-packages/task02-0.0.0-py3.10.egg-info' (and everything under it)
[1.672s] Copying ../build/task02/task02.egg-info to /ros2SonyaBurg/Practice02/src/install/task02/lib/python3.10/site-packages/task02-0.0.0-py3.10.egg-info
[1.673s] running install_scripts
[1.711s] Installing publisher script to /ros2SonyaBurg/Practice02/src/install/task02/lib/task02
[1.712s] writing list of installed files to '/ros2SonyaBurg/Practice02/src/build/task02/install.log'
[1.767s] Invoked command in '/ros2SonyaBurg/Practice02/src/task02' returned '0': PYTHONPATH=/ros2SonyaBurg/Practice02/src/build/task02/prefix_override:/usr/lib/python3/dist-packages/colcon_core/task/python/colcon_distutils_commands:/ros2SonyaBurg/Practice02/src/install/task02/lib/python3.10/site-packages:${PYTHONPATH} /usr/bin/python3 -W ignore:setup.py install is deprecated setup.py egg_info --egg-base ../build/task02 build --build-base /ros2SonyaBurg/Practice02/src/build/task02/build install --record /ros2SonyaBurg/Practice02/src/build/task02/install.log --single-version-externally-managed install_data
