[0.593s] Invoking command in '/ros2SonyaBurg/Practice02/src/task01': PYTHONPATH=/ros2SonyaBurg/Practice02/src/task01/build/task01/prefix_override:/usr/lib/python3/dist-packages/colcon_core/task/python/colcon_distutils_commands:/ros2SonyaBurg/Practice02/src/task01/install/task01/lib/python3.10/site-packages:${PYTHONPATH} /usr/bin/python3 -W ignore:setup.py install is deprecated setup.py egg_info --egg-base build/task01 build --build-base /ros2SonyaBurg/Practice02/src/task01/build/task01/build install --record /ros2SonyaBurg/Practice02/src/task01/build/task01/install.log --single-version-externally-managed install_data
[0.816s] running egg_info
[0.817s] writing build/task01/task01.egg-info/PKG-INFO
[0.817s] writing dependency_links to build/task01/task01.egg-info/dependency_links.txt
[0.817s] writing entry points to build/task01/task01.egg-info/entry_points.txt
[0.817s] writing requirements to build/task01/task01.egg-info/requires.txt
[0.818s] writing top-level names to build/task01/task01.egg-info/top_level.txt
[0.819s] reading manifest file 'build/task01/task01.egg-info/SOURCES.txt'
[0.820s] writing manifest file 'build/task01/task01.egg-info/SOURCES.txt'
[0.820s] running build
[0.820s] running build_py
[0.821s] running install
[0.821s] running install_lib
[0.822s] running install_data
[0.823s] running install_egg_info
[0.826s] removing '/ros2SonyaBurg/Practice02/src/task01/install/task01/lib/python3.10/site-packages/task01-0.0.0-py3.10.egg-info' (and everything under it)
[0.826s] Copying build/task01/task01.egg-info to /ros2SonyaBurg/Practice02/src/task01/install/task01/lib/python3.10/site-packages/task01-0.0.0-py3.10.egg-info
[0.827s] running install_scripts
[0.855s] Installing reciever script to /ros2SonyaBurg/Practice02/src/task01/install/task01/lib/task01
[0.856s] writing list of installed files to '/ros2SonyaBurg/Practice02/src/task01/build/task01/install.log'
[0.884s] Invoked command in '/ros2SonyaBurg/Practice02/src/task01' returned '0': PYTHONPATH=/ros2SonyaBurg/Practice02/src/task01/build/task01/prefix_override:/usr/lib/python3/dist-packages/colcon_core/task/python/colcon_distutils_commands:/ros2SonyaBurg/Practice02/src/task01/install/task01/lib/python3.10/site-packages:${PYTHONPATH} /usr/bin/python3 -W ignore:setup.py install is deprecated setup.py egg_info --egg-base build/task01 build --build-base /ros2SonyaBurg/Practice02/src/task01/build/task01/build install --record /ros2SonyaBurg/Practice02/src/task01/build/task01/install.log --single-version-externally-managed install_data
