[1.253s] Invoking command in '/ros2SonyaBurg/Practice02/src/task03': PYTHONPATH=/ros2SonyaBurg/Practice02/src/build/task03/prefix_override:/usr/lib/python3/dist-packages/colcon_core/task/python/colcon_distutils_commands:/ros2SonyaBurg/Practice02/src/install/task03/lib/python3.10/site-packages:${PYTHONPATH} /usr/bin/python3 -W ignore:setup.py install is deprecated setup.py egg_info --egg-base ../build/task03 build --build-base /ros2SonyaBurg/Practice02/src/build/task03/build install --record /ros2SonyaBurg/Practice02/src/build/task03/install.log --single-version-externally-managed install_data
[1.570s] running egg_info
[1.571s] writing ../build/task03/task03.egg-info/PKG-INFO
[1.572s] writing dependency_links to ../build/task03/task03.egg-info/dependency_links.txt
[1.572s] writing entry points to ../build/task03/task03.egg-info/entry_points.txt
[1.572s] writing requirements to ../build/task03/task03.egg-info/requires.txt
[1.573s] writing top-level names to ../build/task03/task03.egg-info/top_level.txt
[1.574s] reading manifest file '../build/task03/task03.egg-info/SOURCES.txt'
[1.576s] writing manifest file '../build/task03/task03.egg-info/SOURCES.txt'
[1.576s] running build
[1.576s] running build_py
[1.577s] copying task03/service.py -> /ros2SonyaBurg/Practice02/src/build/task03/build/lib/task03
[1.577s] running install
[1.577s] running install_lib
[1.578s] copying /ros2SonyaBurg/Practice02/src/build/task03/build/lib/task03/service.py -> /ros2SonyaBurg/Practice02/src/install/task03/lib/python3.10/site-packages/task03
[1.579s] byte-compiling /ros2SonyaBurg/Practice02/src/install/task03/lib/python3.10/site-packages/task03/service.py to service.cpython-310.pyc
[1.581s]   File "/ros2SonyaBurg/Practice02/src/install/task03/lib/python3.10/site-packages/task03/service.py", line 35
[1.581s]     if __name__ = "__main__":
[1.581s]        ^^^^^^^^^^^^^^^^^^^^^
[1.581s] SyntaxError: invalid syntax. Maybe you meant '==' or ':=' instead of '='?
[1.581s] 
[1.581s] running install_data
[1.582s] running install_egg_info
[1.586s] removing '/ros2SonyaBurg/Practice02/src/install/task03/lib/python3.10/site-packages/task03-0.0.0-py3.10.egg-info' (and everything under it)
[1.587s] Copying ../build/task03/task03.egg-info to /ros2SonyaBurg/Practice02/src/install/task03/lib/python3.10/site-packages/task03-0.0.0-py3.10.egg-info
[1.588s] running install_scripts
[1.625s] Installing service script to /ros2SonyaBurg/Practice02/src/install/task03/lib/task03
[1.625s] writing list of installed files to '/ros2SonyaBurg/Practice02/src/build/task03/install.log'
[1.690s] Invoked command in '/ros2SonyaBurg/Practice02/src/task03' returned '0': PYTHONPATH=/ros2SonyaBurg/Practice02/src/build/task03/prefix_override:/usr/lib/python3/dist-packages/colcon_core/task/python/colcon_distutils_commands:/ros2SonyaBurg/Practice02/src/install/task03/lib/python3.10/site-packages:${PYTHONPATH} /usr/bin/python3 -W ignore:setup.py install is deprecated setup.py egg_info --egg-base ../build/task03 build --build-base /ros2SonyaBurg/Practice02/src/build/task03/build install --record /ros2SonyaBurg/Practice02/src/build/task03/install.log --single-version-externally-managed install_data
