[0.129s] DEBUG:colcon:Command line arguments: ['/usr/bin/colcon', 'build']
[0.129s] DEBUG:colcon:Parsed command line arguments: Namespace(log_base=None, log_level=None, verb_name='build', build_base='build', install_base='install', merge_install=False, symlink_install=False, test_result_base=None, continue_on_error=False, executor='parallel', parallel_workers=20, event_handlers=None, ignore_user_meta=False, metas=['./colcon.meta'], base_paths=['.'], packages_ignore=None, packages_ignore_regex=None, paths=None, packages_up_to=None, packages_up_to_regex=None, packages_above=None, packages_above_and_dependencies=None, packages_above_depth=None, packages_select_by_dep=None, packages_skip_by_dep=None, packages_skip_up_to=None, packages_select_build_failed=False, packages_skip_build_finished=False, packages_select_test_failures=False, packages_skip_test_passed=False, packages_select=None, packages_skip=None, packages_select_regex=None, packages_skip_regex=None, packages_start=None, packages_end=None, cmake_args=None, cmake_target=None, cmake_target_skip_unavailable=False, cmake_clean_cache=False, cmake_clean_first=False, cmake_force_configure=False, ament_cmake_args=None, catkin_cmake_args=None, catkin_skip_building_tests=False, mixin_files=None, mixin=None, verb_parser=<colcon_mixin.mixin.mixin_argument.MixinArgumentDecorator object at 0x7929e7b3e620>, verb_extension=<colcon_core.verb.build.BuildVerb object at 0x7929e7b3e170>, main=<bound method BuildVerb.main of <colcon_core.verb.build.BuildVerb object at 0x7929e7b3e170>>, mixin_verb=('build',))
[0.240s] Level 1:colcon.colcon_core.package_discovery:discover_packages(colcon_meta) check parameters
[0.241s] INFO:colcon.colcon_metadata.package_discovery.colcon_meta:Using configuration from '/root/.colcon/metadata/default/Gazebo.meta'
[0.241s] INFO:colcon.colcon_metadata.package_discovery.colcon_meta:Using configuration from '/root/.colcon/metadata/default/fastrtps.meta'
[0.241s] Level 1:colcon.colcon_core.package_discovery:discover_packages(recursive) check parameters
[0.241s] Level 1:colcon.colcon_core.package_discovery:discover_packages(ignore) check parameters
[0.241s] Level 1:colcon.colcon_core.package_discovery:discover_packages(path) check parameters
[0.241s] Level 1:colcon.colcon_core.package_discovery:discover_packages(colcon_meta) discover
[0.242s] Level 1:colcon.colcon_core.package_discovery:discover_packages(recursive) discover
[0.242s] INFO:colcon.colcon_core.package_discovery:Crawling recursively for packages in '/ros2SonyaBurg/Practice02/src'
[0.242s] Level 1:colcon.colcon_core.package_identification:_identify(.) by extensions ['ignore', 'ignore_ament_install']
[0.242s] Level 1:colcon.colcon_core.package_identification:_identify(.) by extension 'ignore'
[0.242s] Level 1:colcon.colcon_core.package_identification:_identify(.) by extension 'ignore_ament_install'
[0.242s] Level 1:colcon.colcon_core.package_identification:_identify(.) by extensions ['colcon_pkg']
[0.242s] Level 1:colcon.colcon_core.package_identification:_identify(.) by extension 'colcon_pkg'
[0.242s] Level 1:colcon.colcon_core.package_identification:_identify(.) by extensions ['colcon_meta']
[0.242s] Level 1:colcon.colcon_core.package_identification:_identify(.) by extension 'colcon_meta'
[0.242s] Level 1:colcon.colcon_core.package_identification:_identify(.) by extensions ['ros']
[0.242s] Level 1:colcon.colcon_core.package_identification:_identify(.) by extension 'ros'
[0.255s] Level 1:colcon.colcon_core.package_identification:_identify(.) by extensions ['cmake', 'python']
[0.255s] Level 1:colcon.colcon_core.package_identification:_identify(.) by extension 'cmake'
[0.255s] Level 1:colcon.colcon_core.package_identification:_identify(.) by extension 'python'
[0.255s] Level 1:colcon.colcon_core.package_identification:_identify(.) by extensions ['python_setup_py']
[0.255s] Level 1:colcon.colcon_core.package_identification:_identify(.) by extension 'python_setup_py'
[0.255s] Level 1:colcon.colcon_core.package_identification:_identify(build) by extensions ['ignore', 'ignore_ament_install']
[0.256s] Level 1:colcon.colcon_core.package_identification:_identify(build) by extension 'ignore'
[0.256s] Level 1:colcon.colcon_core.package_identification:_identify(build) ignored
[0.256s] Level 1:colcon.colcon_core.package_identification:_identify(install) by extensions ['ignore', 'ignore_ament_install']
[0.256s] Level 1:colcon.colcon_core.package_identification:_identify(install) by extension 'ignore'
[0.256s] Level 1:colcon.colcon_core.package_identification:_identify(install) ignored
[0.256s] Level 1:colcon.colcon_core.package_identification:_identify(log) by extensions ['ignore', 'ignore_ament_install']
[0.256s] Level 1:colcon.colcon_core.package_identification:_identify(log) by extension 'ignore'
[0.256s] Level 1:colcon.colcon_core.package_identification:_identify(log) ignored
[0.256s] Level 1:colcon.colcon_core.package_identification:_identify(task01) by extensions ['ignore', 'ignore_ament_install']
[0.256s] Level 1:colcon.colcon_core.package_identification:_identify(task01) by extension 'ignore'
[0.256s] Level 1:colcon.colcon_core.package_identification:_identify(task01) by extension 'ignore_ament_install'
[0.256s] Level 1:colcon.colcon_core.package_identification:_identify(task01) by extensions ['colcon_pkg']
[0.256s] Level 1:colcon.colcon_core.package_identification:_identify(task01) by extension 'colcon_pkg'
[0.256s] Level 1:colcon.colcon_core.package_identification:_identify(task01) by extensions ['colcon_meta']
[0.256s] Level 1:colcon.colcon_core.package_identification:_identify(task01) by extension 'colcon_meta'
[0.257s] Level 1:colcon.colcon_core.package_identification:_identify(task01) by extensions ['ros']
[0.257s] Level 1:colcon.colcon_core.package_identification:_identify(task01) by extension 'ros'
[0.259s] DEBUG:colcon.colcon_core.package_identification:Package 'task01' with type 'ros.ament_python' and name 'task01'
[0.259s] Level 1:colcon.colcon_core.package_identification:_identify(task02) by extensions ['ignore', 'ignore_ament_install']
[0.259s] Level 1:colcon.colcon_core.package_identification:_identify(task02) by extension 'ignore'
[0.259s] Level 1:colcon.colcon_core.package_identification:_identify(task02) by extension 'ignore_ament_install'
[0.260s] Level 1:colcon.colcon_core.package_identification:_identify(task02) by extensions ['colcon_pkg']
[0.260s] Level 1:colcon.colcon_core.package_identification:_identify(task02) by extension 'colcon_pkg'
[0.260s] Level 1:colcon.colcon_core.package_identification:_identify(task02) by extensions ['colcon_meta']
[0.260s] Level 1:colcon.colcon_core.package_identification:_identify(task02) by extension 'colcon_meta'
[0.260s] Level 1:colcon.colcon_core.package_identification:_identify(task02) by extensions ['ros']
[0.260s] Level 1:colcon.colcon_core.package_identification:_identify(task02) by extension 'ros'
[0.260s] DEBUG:colcon.colcon_core.package_identification:Package 'task02' with type 'ros.ament_python' and name 'task02'
[0.260s] Level 1:colcon.colcon_core.package_identification:_identify(task03) by extensions ['ignore', 'ignore_ament_install']
[0.260s] Level 1:colcon.colcon_core.package_identification:_identify(task03) by extension 'ignore'
[0.260s] Level 1:colcon.colcon_core.package_identification:_identify(task03) by extension 'ignore_ament_install'
[0.261s] Level 1:colcon.colcon_core.package_identification:_identify(task03) by extensions ['colcon_pkg']
[0.261s] Level 1:colcon.colcon_core.package_identification:_identify(task03) by extension 'colcon_pkg'
[0.261s] Level 1:colcon.colcon_core.package_identification:_identify(task03) by extensions ['colcon_meta']
[0.261s] Level 1:colcon.colcon_core.package_identification:_identify(task03) by extension 'colcon_meta'
[0.261s] Level 1:colcon.colcon_core.package_identification:_identify(task03) by extensions ['ros']
[0.261s] Level 1:colcon.colcon_core.package_identification:_identify(task03) by extension 'ros'
[0.261s] Level 1:colcon.colcon_core.package_identification:_identify(task03) by extensions ['cmake', 'python']
[0.261s] Level 1:colcon.colcon_core.package_identification:_identify(task03) by extension 'cmake'
[0.261s] Level 1:colcon.colcon_core.package_identification:_identify(task03) by extension 'python'
[0.261s] Level 1:colcon.colcon_core.package_identification:_identify(task03) by extensions ['python_setup_py']
[0.261s] Level 1:colcon.colcon_core.package_identification:_identify(task03) by extension 'python_setup_py'
[0.261s] Level 1:colcon.colcon_core.package_identification:_identify(task04) by extensions ['ignore', 'ignore_ament_install']
[0.261s] Level 1:colcon.colcon_core.package_identification:_identify(task04) by extension 'ignore'
[0.261s] Level 1:colcon.colcon_core.package_identification:_identify(task04) by extension 'ignore_ament_install'
[0.261s] Level 1:colcon.colcon_core.package_identification:_identify(task04) by extensions ['colcon_pkg']
[0.261s] Level 1:colcon.colcon_core.package_identification:_identify(task04) by extension 'colcon_pkg'
[0.261s] Level 1:colcon.colcon_core.package_identification:_identify(task04) by extensions ['colcon_meta']
[0.261s] Level 1:colcon.colcon_core.package_identification:_identify(task04) by extension 'colcon_meta'
[0.261s] Level 1:colcon.colcon_core.package_identification:_identify(task04) by extensions ['ros']
[0.261s] Level 1:colcon.colcon_core.package_identification:_identify(task04) by extension 'ros'
[0.261s] Level 1:colcon.colcon_core.package_identification:_identify(task04) by extensions ['cmake', 'python']
[0.261s] Level 1:colcon.colcon_core.package_identification:_identify(task04) by extension 'cmake'
[0.261s] Level 1:colcon.colcon_core.package_identification:_identify(task04) by extension 'python'
[0.261s] Level 1:colcon.colcon_core.package_identification:_identify(task04) by extensions ['python_setup_py']
[0.261s] Level 1:colcon.colcon_core.package_identification:_identify(task04) by extension 'python_setup_py'
[0.262s] Level 1:colcon.colcon_core.package_discovery:discover_packages(recursive) using defaults
[0.262s] Level 1:colcon.colcon_core.package_discovery:discover_packages(ignore) discover
[0.262s] Level 1:colcon.colcon_core.package_discovery:discover_packages(ignore) using defaults
[0.262s] Level 1:colcon.colcon_core.package_discovery:discover_packages(path) discover
[0.262s] Level 1:colcon.colcon_core.package_discovery:discover_packages(path) using defaults
[0.284s] Level 5:colcon.colcon_core.verb:set package 'task01' build argument 'cmake_args' from command line to 'None'
[0.285s] Level 5:colcon.colcon_core.verb:set package 'task01' build argument 'cmake_target' from command line to 'None'
[0.285s] Level 5:colcon.colcon_core.verb:set package 'task01' build argument 'cmake_target_skip_unavailable' from command line to 'False'
[0.285s] Level 5:colcon.colcon_core.verb:set package 'task01' build argument 'cmake_clean_cache' from command line to 'False'
[0.285s] Level 5:colcon.colcon_core.verb:set package 'task01' build argument 'cmake_clean_first' from command line to 'False'
[0.285s] Level 5:colcon.colcon_core.verb:set package 'task01' build argument 'cmake_force_configure' from command line to 'False'
[0.285s] Level 5:colcon.colcon_core.verb:set package 'task01' build argument 'ament_cmake_args' from command line to 'None'
[0.285s] Level 5:colcon.colcon_core.verb:set package 'task01' build argument 'catkin_cmake_args' from command line to 'None'
[0.285s] Level 5:colcon.colcon_core.verb:set package 'task01' build argument 'catkin_skip_building_tests' from command line to 'False'
[0.285s] DEBUG:colcon.colcon_core.verb:Building package 'task01' with the following arguments: {'ament_cmake_args': None, 'build_base': '/ros2SonyaBurg/Practice02/src/build/task01', 'catkin_cmake_args': None, 'catkin_skip_building_tests': False, 'cmake_args': None, 'cmake_clean_cache': False, 'cmake_clean_first': False, 'cmake_force_configure': False, 'cmake_target': None, 'cmake_target_skip_unavailable': False, 'install_base': '/ros2SonyaBurg/Practice02/src/install/task01', 'merge_install': False, 'path': '/ros2SonyaBurg/Practice02/src/task01', 'symlink_install': False, 'test_result_base': None}
[0.285s] Level 5:colcon.colcon_core.verb:set package 'task02' build argument 'cmake_args' from command line to 'None'
[0.285s] Level 5:colcon.colcon_core.verb:set package 'task02' build argument 'cmake_target' from command line to 'None'
[0.285s] Level 5:colcon.colcon_core.verb:set package 'task02' build argument 'cmake_target_skip_unavailable' from command line to 'False'
[0.285s] Level 5:colcon.colcon_core.verb:set package 'task02' build argument 'cmake_clean_cache' from command line to 'False'
[0.285s] Level 5:colcon.colcon_core.verb:set package 'task02' build argument 'cmake_clean_first' from command line to 'False'
[0.285s] Level 5:colcon.colcon_core.verb:set package 'task02' build argument 'cmake_force_configure' from command line to 'False'
[0.285s] Level 5:colcon.colcon_core.verb:set package 'task02' build argument 'ament_cmake_args' from command line to 'None'
[0.285s] Level 5:colcon.colcon_core.verb:set package 'task02' build argument 'catkin_cmake_args' from command line to 'None'
[0.285s] Level 5:colcon.colcon_core.verb:set package 'task02' build argument 'catkin_skip_building_tests' from command line to 'False'
[0.285s] DEBUG:colcon.colcon_core.verb:Building package 'task02' with the following arguments: {'ament_cmake_args': None, 'build_base': '/ros2SonyaBurg/Practice02/src/build/task02', 'catkin_cmake_args': None, 'catkin_skip_building_tests': False, 'cmake_args': None, 'cmake_clean_cache': False, 'cmake_clean_first': False, 'cmake_force_configure': False, 'cmake_target': None, 'cmake_target_skip_unavailable': False, 'install_base': '/ros2SonyaBurg/Practice02/src/install/task02', 'merge_install': False, 'path': '/ros2SonyaBurg/Practice02/src/task02', 'symlink_install': False, 'test_result_base': None}
[0.285s] INFO:colcon.colcon_core.executor:Executing jobs using 'parallel' executor
[0.287s] DEBUG:colcon.colcon_parallel_executor.executor.parallel:run_until_complete
[0.287s] INFO:colcon.colcon_ros.task.ament_python.build:Building ROS package in '/ros2SonyaBurg/Practice02/src/task01' with build type 'ament_python'
[0.287s] Level 1:colcon.colcon_core.shell:create_environment_hook('task01', 'ament_prefix_path')
[0.289s] INFO:colcon.colcon_core.plugin_system:Skipping extension 'colcon_core.shell.bat': Not used on non-Windows systems
[0.290s] INFO:colcon.colcon_core.shell:Creating environment hook '/ros2SonyaBurg/Practice02/src/install/task01/share/task01/hook/ament_prefix_path.ps1'
[0.290s] INFO:colcon.colcon_core.shell:Creating environment descriptor '/ros2SonyaBurg/Practice02/src/install/task01/share/task01/hook/ament_prefix_path.dsv'
[0.291s] INFO:colcon.colcon_core.shell:Creating environment hook '/ros2SonyaBurg/Practice02/src/install/task01/share/task01/hook/ament_prefix_path.sh'
[0.291s] INFO:colcon.colcon_core.shell:Skip shell extension 'powershell' for command environment: Not usable outside of PowerShell
[0.291s] DEBUG:colcon.colcon_core.shell:Skip shell extension 'dsv' for command environment
[0.296s] INFO:colcon.colcon_ros.task.ament_python.build:Building ROS package in '/ros2SonyaBurg/Practice02/src/task02' with build type 'ament_python'
[0.296s] Level 1:colcon.colcon_core.shell:create_environment_hook('task02', 'ament_prefix_path')
[0.296s] INFO:colcon.colcon_core.shell:Creating environment hook '/ros2SonyaBurg/Practice02/src/install/task02/share/task02/hook/ament_prefix_path.ps1'
[0.296s] INFO:colcon.colcon_core.shell:Creating environment descriptor '/ros2SonyaBurg/Practice02/src/install/task02/share/task02/hook/ament_prefix_path.dsv'
[0.297s] INFO:colcon.colcon_core.shell:Creating environment hook '/ros2SonyaBurg/Practice02/src/install/task02/share/task02/hook/ament_prefix_path.sh'
[0.297s] INFO:colcon.colcon_core.shell:Skip shell extension 'powershell' for command environment: Not usable outside of PowerShell
[0.297s] DEBUG:colcon.colcon_core.shell:Skip shell extension 'dsv' for command environment
[0.566s] INFO:colcon.colcon_core.task.python.build:Building Python package in '/ros2SonyaBurg/Practice02/src/task01'
[0.566s] INFO:colcon.colcon_core.shell:Skip shell extension 'powershell' for command environment: Not usable outside of PowerShell
[0.566s] DEBUG:colcon.colcon_core.shell:Skip shell extension 'dsv' for command environment
[0.844s] INFO:colcon.colcon_core.task.python.build:Building Python package in '/ros2SonyaBurg/Practice02/src/task02'
[0.845s] INFO:colcon.colcon_core.shell:Skip shell extension 'powershell' for command environment: Not usable outside of PowerShell
[0.845s] DEBUG:colcon.colcon_core.shell:Skip shell extension 'dsv' for command environment
[1.276s] DEBUG:colcon.colcon_core.event_handler.log_command:Invoking command in '/ros2SonyaBurg/Practice02/src/task01': PYTHONPATH=/ros2SonyaBurg/Practice02/src/build/task01/prefix_override:/usr/lib/python3/dist-packages/colcon_core/task/python/colcon_distutils_commands:/ros2SonyaBurg/Practice02/src/install/task01/lib/python3.10/site-packages:${PYTHONPATH} /usr/bin/python3 -W ignore:setup.py install is deprecated setup.py egg_info --egg-base ../build/task01 build --build-base /ros2SonyaBurg/Practice02/src/build/task01/build install --record /ros2SonyaBurg/Practice02/src/build/task01/install.log --single-version-externally-managed install_data
[1.280s] DEBUG:colcon.colcon_core.event_handler.log_command:Invoking command in '/ros2SonyaBurg/Practice02/src/task02': PYTHONPATH=/ros2SonyaBurg/Practice02/src/build/task02/prefix_override:/usr/lib/python3/dist-packages/colcon_core/task/python/colcon_distutils_commands:/ros2SonyaBurg/Practice02/src/install/task02/lib/python3.10/site-packages:${PYTHONPATH} /usr/bin/python3 -W ignore:setup.py install is deprecated setup.py egg_info --egg-base ../build/task02 build --build-base /ros2SonyaBurg/Practice02/src/build/task02/build install --record /ros2SonyaBurg/Practice02/src/build/task02/install.log --single-version-externally-managed install_data
[1.632s] DEBUG:colcon.colcon_core.event_handler.log_command:Invoked command in '/ros2SonyaBurg/Practice02/src/task01' returned '0': PYTHONPATH=/ros2SonyaBurg/Practice02/src/build/task01/prefix_override:/usr/lib/python3/dist-packages/colcon_core/task/python/colcon_distutils_commands:/ros2SonyaBurg/Practice02/src/install/task01/lib/python3.10/site-packages:${PYTHONPATH} /usr/bin/python3 -W ignore:setup.py install is deprecated setup.py egg_info --egg-base ../build/task01 build --build-base /ros2SonyaBurg/Practice02/src/build/task01/build install --record /ros2SonyaBurg/Practice02/src/build/task01/install.log --single-version-externally-managed install_data
[1.635s] Level 1:colcon.colcon_core.environment:checking '/ros2SonyaBurg/Practice02/src/install/task01' for CMake module files
[1.636s] Level 1:colcon.colcon_core.environment:checking '/ros2SonyaBurg/Practice02/src/install/task01' for CMake config files
[1.637s] Level 1:colcon.colcon_core.environment:checking '/ros2SonyaBurg/Practice02/src/install/task01/lib'
[1.637s] Level 1:colcon.colcon_core.environment:checking '/ros2SonyaBurg/Practice02/src/install/task01/bin'
[1.638s] Level 1:colcon.colcon_core.environment:checking '/ros2SonyaBurg/Practice02/src/install/task01/lib/pkgconfig/task01.pc'
[1.638s] Level 1:colcon.colcon_core.environment:checking '/ros2SonyaBurg/Practice02/src/install/task01/lib/python3.10/site-packages'
[1.638s] Level 1:colcon.colcon_core.shell:create_environment_hook('task01', 'pythonpath')
[1.639s] INFO:colcon.colcon_core.shell:Creating environment hook '/ros2SonyaBurg/Practice02/src/install/task01/share/task01/hook/pythonpath.ps1'
[1.639s] INFO:colcon.colcon_core.shell:Creating environment descriptor '/ros2SonyaBurg/Practice02/src/install/task01/share/task01/hook/pythonpath.dsv'
[1.640s] INFO:colcon.colcon_core.shell:Creating environment hook '/ros2SonyaBurg/Practice02/src/install/task01/share/task01/hook/pythonpath.sh'
[1.641s] Level 1:colcon.colcon_core.environment:checking '/ros2SonyaBurg/Practice02/src/install/task01/bin'
[1.641s] Level 1:colcon.colcon_core.environment:create_environment_scripts_only(task01)
[1.642s] INFO:colcon.colcon_core.shell:Creating package script '/ros2SonyaBurg/Practice02/src/install/task01/share/task01/package.ps1'
[1.643s] INFO:colcon.colcon_core.shell:Creating package descriptor '/ros2SonyaBurg/Practice02/src/install/task01/share/task01/package.dsv'
[1.644s] INFO:colcon.colcon_core.shell:Creating package script '/ros2SonyaBurg/Practice02/src/install/task01/share/task01/package.sh'
[1.645s] INFO:colcon.colcon_core.shell:Creating package script '/ros2SonyaBurg/Practice02/src/install/task01/share/task01/package.bash'
[1.646s] INFO:colcon.colcon_core.shell:Creating package script '/ros2SonyaBurg/Practice02/src/install/task01/share/task01/package.zsh'
[1.647s] Level 1:colcon.colcon_core.environment:create_file_with_runtime_dependencies(/ros2SonyaBurg/Practice02/src/install/task01/share/colcon-core/packages/task01)
[1.655s] Level 1:colcon.colcon_core.environment:checking '/ros2SonyaBurg/Practice02/src/install/task02' for CMake module files
[1.655s] DEBUG:colcon.colcon_core.event_handler.log_command:Invoked command in '/ros2SonyaBurg/Practice02/src/task02' returned '0': PYTHONPATH=/ros2SonyaBurg/Practice02/src/build/task02/prefix_override:/usr/lib/python3/dist-packages/colcon_core/task/python/colcon_distutils_commands:/ros2SonyaBurg/Practice02/src/install/task02/lib/python3.10/site-packages:${PYTHONPATH} /usr/bin/python3 -W ignore:setup.py install is deprecated setup.py egg_info --egg-base ../build/task02 build --build-base /ros2SonyaBurg/Practice02/src/build/task02/build install --record /ros2SonyaBurg/Practice02/src/build/task02/install.log --single-version-externally-managed install_data
[1.657s] Level 1:colcon.colcon_core.environment:checking '/ros2SonyaBurg/Practice02/src/install/task02' for CMake config files
[1.658s] Level 1:colcon.colcon_core.environment:checking '/ros2SonyaBurg/Practice02/src/install/task02/lib'
[1.658s] Level 1:colcon.colcon_core.environment:checking '/ros2SonyaBurg/Practice02/src/install/task02/bin'
[1.658s] Level 1:colcon.colcon_core.environment:checking '/ros2SonyaBurg/Practice02/src/install/task02/lib/pkgconfig/task02.pc'
[1.658s] Level 1:colcon.colcon_core.environment:checking '/ros2SonyaBurg/Practice02/src/install/task02/lib/python3.10/site-packages'
[1.658s] Level 1:colcon.colcon_core.shell:create_environment_hook('task02', 'pythonpath')
[1.659s] INFO:colcon.colcon_core.shell:Creating environment hook '/ros2SonyaBurg/Practice02/src/install/task02/share/task02/hook/pythonpath.ps1'
[1.659s] INFO:colcon.colcon_core.shell:Creating environment descriptor '/ros2SonyaBurg/Practice02/src/install/task02/share/task02/hook/pythonpath.dsv'
[1.660s] INFO:colcon.colcon_core.shell:Creating environment hook '/ros2SonyaBurg/Practice02/src/install/task02/share/task02/hook/pythonpath.sh'
[1.661s] Level 1:colcon.colcon_core.environment:checking '/ros2SonyaBurg/Practice02/src/install/task02/bin'
[1.661s] Level 1:colcon.colcon_core.environment:create_environment_scripts_only(task02)
[1.661s] INFO:colcon.colcon_core.shell:Creating package script '/ros2SonyaBurg/Practice02/src/install/task02/share/task02/package.ps1'
[1.662s] INFO:colcon.colcon_core.shell:Creating package descriptor '/ros2SonyaBurg/Practice02/src/install/task02/share/task02/package.dsv'
[1.663s] INFO:colcon.colcon_core.shell:Creating package script '/ros2SonyaBurg/Practice02/src/install/task02/share/task02/package.sh'
[1.663s] INFO:colcon.colcon_core.shell:Creating package script '/ros2SonyaBurg/Practice02/src/install/task02/share/task02/package.bash'
[1.664s] INFO:colcon.colcon_core.shell:Creating package script '/ros2SonyaBurg/Practice02/src/install/task02/share/task02/package.zsh'
[1.664s] Level 1:colcon.colcon_core.environment:create_file_with_runtime_dependencies(/ros2SonyaBurg/Practice02/src/install/task02/share/colcon-core/packages/task02)
[1.664s] DEBUG:colcon.colcon_parallel_executor.executor.parallel:closing loop
[1.665s] DEBUG:colcon.colcon_parallel_executor.executor.parallel:loop closed
[1.665s] DEBUG:colcon.colcon_parallel_executor.executor.parallel:run_until_complete finished with '0'
[1.665s] DEBUG:colcon.colcon_core.event_reactor:joining thread
[1.674s] INFO:colcon.colcon_core.plugin_system:Skipping extension 'colcon_notification.desktop_notification.notify_send': Could not find 'notify-send'
[1.675s] INFO:colcon.colcon_core.plugin_system:Skipping extension 'colcon_notification.desktop_notification.terminal_notifier': Not used on non-Darwin systems
[1.675s] INFO:colcon.colcon_core.plugin_system:Skipping extension 'colcon_notification.desktop_notification.win32': Not used on non-Windows systems
[1.675s] INFO:colcon.colcon_notification.desktop_notification:Sending desktop notification using 'notify2'
[1.675s] DEBUG:colcon.colcon_notification.desktop_notification.notify2:Failed to initialize notify2: org.freedesktop.DBus.Error.NotSupported: Unable to autolaunch a dbus-daemon without a $DISPLAY for X11
[1.675s] DEBUG:colcon.colcon_core.event_reactor:joined thread
[1.676s] INFO:colcon.colcon_core.shell:Creating prefix script '/ros2SonyaBurg/Practice02/src/install/local_setup.ps1'
[1.677s] INFO:colcon.colcon_core.shell:Creating prefix util module '/ros2SonyaBurg/Practice02/src/install/_local_setup_util_ps1.py'
[1.679s] INFO:colcon.colcon_core.shell:Creating prefix chain script '/ros2SonyaBurg/Practice02/src/install/setup.ps1'
[1.681s] INFO:colcon.colcon_core.shell:Creating prefix script '/ros2SonyaBurg/Practice02/src/install/local_setup.sh'
[1.682s] INFO:colcon.colcon_core.shell:Creating prefix util module '/ros2SonyaBurg/Practice02/src/install/_local_setup_util_sh.py'
[1.682s] INFO:colcon.colcon_core.shell:Creating prefix chain script '/ros2SonyaBurg/Practice02/src/install/setup.sh'
[1.684s] INFO:colcon.colcon_core.shell:Creating prefix script '/ros2SonyaBurg/Practice02/src/install/local_setup.bash'
[1.684s] INFO:colcon.colcon_core.shell:Creating prefix chain script '/ros2SonyaBurg/Practice02/src/install/setup.bash'
[1.686s] INFO:colcon.colcon_core.shell:Creating prefix script '/ros2SonyaBurg/Practice02/src/install/local_setup.zsh'
[1.686s] INFO:colcon.colcon_core.shell:Creating prefix chain script '/ros2SonyaBurg/Practice02/src/install/setup.zsh'
