[1.050s] Invoking command in '/ros2SonyaBurg/Practice02/src/task01': PYTHONPATH=/ros2SonyaBurg/Practice02/src/build/task01/prefix_override:/usr/lib/python3/dist-packages/colcon_core/task/python/colcon_distutils_commands:/ros2SonyaBurg/Practice02/src/install/task01/lib/python3.10/site-packages:${PYTHONPATH} /usr/bin/python3 -W ignore:setup.py install is deprecated setup.py egg_info --egg-base ../build/task01 build --build-base /ros2SonyaBurg/Practice02/src/build/task01/build install --record /ros2SonyaBurg/Practice02/src/build/task01/install.log --single-version-externally-managed install_data
[1.354s] running egg_info
[1.356s] writing ../build/task01/task01.egg-info/PKG-INFO
[1.356s] writing dependency_links to ../build/task01/task01.egg-info/dependency_links.txt
[1.356s] writing entry points to ../build/task01/task01.egg-info/entry_points.txt
[1.356s] writing requirements to ../build/task01/task01.egg-info/requires.txt
[1.356s] writing top-level names to ../build/task01/task01.egg-info/top_level.txt
[1.359s] reading manifest file '../build/task01/task01.egg-info/SOURCES.txt'
[1.360s] writing manifest file '../build/task01/task01.egg-info/SOURCES.txt'
[1.360s] running build
[1.360s] running build_py
[1.361s] running install
[1.361s] running install_lib
[1.364s] running install_data
[1.364s] running install_egg_info
[1.370s] removing '/ros2SonyaBurg/Practice02/src/install/task01/lib/python3.10/site-packages/task01-0.0.0-py3.10.egg-info' (and everything under it)
[1.370s] Copying ../build/task01/task01.egg-info to /ros2SonyaBurg/Practice02/src/install/task01/lib/python3.10/site-packages/task01-0.0.0-py3.10.egg-info
[1.371s] running install_scripts
[1.406s] Installing reciever script to /ros2SonyaBurg/Practice02/src/install/task01/lib/task01
[1.406s] writing list of installed files to '/ros2SonyaBurg/Practice02/src/build/task01/install.log'
[1.442s] Invoked command in '/ros2SonyaBurg/Practice02/src/task01' returned '0': PYTHONPATH=/ros2SonyaBurg/Practice02/src/build/task01/prefix_override:/usr/lib/python3/dist-packages/colcon_core/task/python/colcon_distutils_commands:/ros2SonyaBurg/Practice02/src/install/task01/lib/python3.10/site-packages:${PYTHONPATH} /usr/bin/python3 -W ignore:setup.py install is deprecated setup.py egg_info --egg-base ../build/task01 build --build-base /ros2SonyaBurg/Practice02/src/build/task01/build install --record /ros2SonyaBurg/Practice02/src/build/task01/install.log --single-version-externally-managed install_data
