[1.310s] Invoking command in '/ros2SonyaBurg/Practice02/src/task03': PYTHONPATH=/ros2SonyaBurg/Practice02/src/build/task03/prefix_override:/usr/lib/python3/dist-packages/colcon_core/task/python/colcon_distutils_commands:/ros2SonyaBurg/Practice02/src/install/task03/lib/python3.10/site-packages:${PYTHONPATH} /usr/bin/python3 -W ignore:setup.py install is deprecated setup.py egg_info --egg-base ../build/task03 build --build-base /ros2SonyaBurg/Practice02/src/build/task03/build install --record /ros2SonyaBurg/Practice02/src/build/task03/install.log --single-version-externally-managed install_data
[1.631s] running egg_info
[1.633s] writing ../build/task03/task03.egg-info/PKG-INFO
[1.634s] writing dependency_links to ../build/task03/task03.egg-info/dependency_links.txt
[1.635s] writing entry points to ../build/task03/task03.egg-info/entry_points.txt
[1.635s] writing requirements to ../build/task03/task03.egg-info/requires.txt
[1.635s] writing top-level names to ../build/task03/task03.egg-info/top_level.txt
[1.637s] reading manifest file '../build/task03/task03.egg-info/SOURCES.txt'
[1.638s] writing manifest file '../build/task03/task03.egg-info/SOURCES.txt'
[1.638s] running build
[1.639s] running build_py
[1.639s] copying task03/service.py -> /ros2SonyaBurg/Practice02/src/build/task03/build/lib/task03
[1.639s] running install
[1.640s] running install_lib
[1.641s] copying /ros2SonyaBurg/Practice02/src/build/task03/build/lib/task03/service.py -> /ros2SonyaBurg/Practice02/src/install/task03/lib/python3.10/site-packages/task03
[1.642s] byte-compiling /ros2SonyaBurg/Practice02/src/install/task03/lib/python3.10/site-packages/task03/service.py to service.cpython-310.pyc
[1.644s] running install_data
[1.644s] running install_egg_info
[1.649s] removing '/ros2SonyaBurg/Practice02/src/install/task03/lib/python3.10/site-packages/task03-0.0.0-py3.10.egg-info' (and everything under it)
[1.649s] Copying ../build/task03/task03.egg-info to /ros2SonyaBurg/Practice02/src/install/task03/lib/python3.10/site-packages/task03-0.0.0-py3.10.egg-info
[1.650s] running install_scripts
[1.689s] Installing service script to /ros2SonyaBurg/Practice02/src/install/task03/lib/task03
[1.690s] writing list of installed files to '/ros2SonyaBurg/Practice02/src/build/task03/install.log'
[1.747s] Invoked command in '/ros2SonyaBurg/Practice02/src/task03' returned '0': PYTHONPATH=/ros2SonyaBurg/Practice02/src/build/task03/prefix_override:/usr/lib/python3/dist-packages/colcon_core/task/python/colcon_distutils_commands:/ros2SonyaBurg/Practice02/src/install/task03/lib/python3.10/site-packages:${PYTHONPATH} /usr/bin/python3 -W ignore:setup.py install is deprecated setup.py egg_info --egg-base ../build/task03 build --build-base /ros2SonyaBurg/Practice02/src/build/task03/build install --record /ros2SonyaBurg/Practice02/src/build/task03/install.log --single-version-externally-managed install_data
