[0.977s] Invoking command in '/ros2SonyaBurg/Practice02/src/task02': PYTHONPATH=/ros2SonyaBurg/Practice02/src/build/task02/prefix_override:/usr/lib/python3/dist-packages/colcon_core/task/python/colcon_distutils_commands:/ros2SonyaBurg/Practice02/src/install/task02/lib/python3.10/site-packages:${PYTHONPATH} /usr/bin/python3 -W ignore:setup.py install is deprecated setup.py egg_info --egg-base ../build/task02 build --build-base /ros2SonyaBurg/Practice02/src/build/task02/build install --record /ros2SonyaBurg/Practice02/src/build/task02/install.log --single-version-externally-managed install_data
[1.266s] running egg_info
[1.268s] writing ../build/task02/task02.egg-info/PKG-INFO
[1.268s] writing dependency_links to ../build/task02/task02.egg-info/dependency_links.txt
[1.268s] writing entry points to ../build/task02/task02.egg-info/entry_points.txt
[1.268s] writing requirements to ../build/task02/task02.egg-info/requires.txt
[1.268s] writing top-level names to ../build/task02/task02.egg-info/top_level.txt
[1.271s] reading manifest file '../build/task02/task02.egg-info/SOURCES.txt'
[1.273s] writing manifest file '../build/task02/task02.egg-info/SOURCES.txt'
[1.273s] running build
[1.274s] running build_py
[1.274s] copying task02/publisher.py -> /ros2SonyaBurg/Practice02/src/build/task02/build/lib/task02
[1.274s] running install
[1.275s] running install_lib
[1.275s] copying /ros2SonyaBurg/Practice02/src/build/task02/build/lib/task02/publisher.py -> /ros2SonyaBurg/Practice02/src/install/task02/lib/python3.10/site-packages/task02
[1.276s] byte-compiling /ros2SonyaBurg/Practice02/src/install/task02/lib/python3.10/site-packages/task02/publisher.py to publisher.cpython-310.pyc
[1.277s] running install_data
[1.278s] copying config/task02.yaml -> /ros2SonyaBurg/Practice02/src/install/task02/share/task02/config
[1.278s] running install_egg_info
[1.283s] removing '/ros2SonyaBurg/Practice02/src/install/task02/lib/python3.10/site-packages/task02-0.0.0-py3.10.egg-info' (and everything under it)
[1.284s] Copying ../build/task02/task02.egg-info to /ros2SonyaBurg/Practice02/src/install/task02/lib/python3.10/site-packages/task02-0.0.0-py3.10.egg-info
[1.285s] running install_scripts
[1.321s] Installing publisher script to /ros2SonyaBurg/Practice02/src/install/task02/lib/task02
[1.321s] writing list of installed files to '/ros2SonyaBurg/Practice02/src/build/task02/install.log'
[1.365s] Invoked command in '/ros2SonyaBurg/Practice02/src/task02' returned '0': PYTHONPATH=/ros2SonyaBurg/Practice02/src/build/task02/prefix_override:/usr/lib/python3/dist-packages/colcon_core/task/python/colcon_distutils_commands:/ros2SonyaBurg/Practice02/src/install/task02/lib/python3.10/site-packages:${PYTHONPATH} /usr/bin/python3 -W ignore:setup.py install is deprecated setup.py egg_info --egg-base ../build/task02 build --build-base /ros2SonyaBurg/Practice02/src/build/task02/build install --record /ros2SonyaBurg/Practice02/src/build/task02/install.log --single-version-externally-managed install_data
