[0.132s] DEBUG:colcon:Command line arguments: ['/usr/bin/colcon', 'build']
[0.132s] DEBUG:colcon:Parsed command line arguments: Namespace(log_base=None, log_level=None, verb_name='build', build_base='build', install_base='install', merge_install=False, symlink_install=False, test_result_base=None, continue_on_error=False, executor='parallel', parallel_workers=20, event_handlers=None, ignore_user_meta=False, metas=['./colcon.meta'], base_paths=['.'], packages_ignore=None, packages_ignore_regex=None, paths=None, packages_up_to=None, packages_up_to_regex=None, packages_above=None, packages_above_and_dependencies=None, packages_above_depth=None, packages_select_by_dep=None, packages_skip_by_dep=None, packages_skip_up_to=None, packages_select_build_failed=False, packages_skip_build_finished=False, packages_select_test_failures=False, packages_skip_test_passed=False, packages_select=None, packages_skip=None, packages_select_regex=None, packages_skip_regex=None, packages_start=None, packages_end=None, cmake_args=None, cmake_target=None, cmake_target_skip_unavailable=False, cmake_clean_cache=False, cmake_clean_first=False, cmake_force_configure=False, ament_cmake_args=None, catkin_cmake_args=None, catkin_skip_building_tests=False, mixin_files=None, mixin=None, verb_parser=<colcon_mixin.mixin.mixin_argument.MixinArgumentDecorator object at 0x7fba5f9d2620>, verb_extension=<colcon_core.verb.build.BuildVerb object at 0x7fba5f9d2170>, main=<bound method BuildVerb.main of <colcon_core.verb.build.BuildVerb object at 0x7fba5f9d2170>>, mixin_verb=('build',))
[0.243s] Level 1:colcon.colcon_core.package_discovery:discover_packages(colcon_meta) check parameters
[0.244s] INFO:colcon.colcon_metadata.package_discovery.colcon_meta:Using configuration from '/root/.colcon/metadata/default/Gazebo.meta'
[0.244s] INFO:colcon.colcon_metadata.package_discovery.colcon_meta:Using configuration from '/root/.colcon/metadata/default/fastrtps.meta'
[0.244s] Level 1:colcon.colcon_core.package_discovery:discover_packages(recursive) check parameters
[0.244s] Level 1:colcon.colcon_core.package_discovery:discover_packages(ignore) check parameters
[0.244s] Level 1:colcon.colcon_core.package_discovery:discover_packages(path) check parameters
[0.244s] Level 1:colcon.colcon_core.package_discovery:discover_packages(colcon_meta) discover
[0.244s] Level 1:colcon.colcon_core.package_discovery:discover_packages(recursive) discover
[0.244s] INFO:colcon.colcon_core.package_discovery:Crawling recursively for packages in '/ros2SonyaBurg/Practice02/src/task02'
[0.244s] Level 1:colcon.colcon_core.package_identification:_identify(.) by extensions ['ignore', 'ignore_ament_install']
[0.245s] Level 1:colcon.colcon_core.package_identification:_identify(.) by extension 'ignore'
[0.245s] Level 1:colcon.colcon_core.package_identification:_identify(.) by extension 'ignore_ament_install'
[0.245s] Level 1:colcon.colcon_core.package_identification:_identify(.) by extensions ['colcon_pkg']
[0.245s] Level 1:colcon.colcon_core.package_identification:_identify(.) by extension 'colcon_pkg'
[0.245s] Level 1:colcon.colcon_core.package_identification:_identify(.) by extensions ['colcon_meta']
[0.245s] Level 1:colcon.colcon_core.package_identification:_identify(.) by extension 'colcon_meta'
[0.245s] Level 1:colcon.colcon_core.package_identification:_identify(.) by extensions ['ros']
[0.245s] Level 1:colcon.colcon_core.package_identification:_identify(.) by extension 'ros'
[0.260s] DEBUG:colcon.colcon_core.package_identification:Package '.' with type 'ros.ament_python' and name 'task02'
[0.260s] Level 1:colcon.colcon_core.package_discovery:discover_packages(recursive) using defaults
[0.261s] Level 1:colcon.colcon_core.package_discovery:discover_packages(ignore) discover
[0.261s] Level 1:colcon.colcon_core.package_discovery:discover_packages(ignore) using defaults
[0.261s] Level 1:colcon.colcon_core.package_discovery:discover_packages(path) discover
[0.261s] Level 1:colcon.colcon_core.package_discovery:discover_packages(path) using defaults
[0.283s] Level 5:colcon.colcon_core.verb:set package 'task02' build argument 'cmake_args' from command line to 'None'
[0.283s] Level 5:colcon.colcon_core.verb:set package 'task02' build argument 'cmake_target' from command line to 'None'
[0.283s] Level 5:colcon.colcon_core.verb:set package 'task02' build argument 'cmake_target_skip_unavailable' from command line to 'False'
[0.283s] Level 5:colcon.colcon_core.verb:set package 'task02' build argument 'cmake_clean_cache' from command line to 'False'
[0.283s] Level 5:colcon.colcon_core.verb:set package 'task02' build argument 'cmake_clean_first' from command line to 'False'
[0.283s] Level 5:colcon.colcon_core.verb:set package 'task02' build argument 'cmake_force_configure' from command line to 'False'
[0.283s] Level 5:colcon.colcon_core.verb:set package 'task02' build argument 'ament_cmake_args' from command line to 'None'
[0.283s] Level 5:colcon.colcon_core.verb:set package 'task02' build argument 'catkin_cmake_args' from command line to 'None'
[0.283s] Level 5:colcon.colcon_core.verb:set package 'task02' build argument 'catkin_skip_building_tests' from command line to 'False'
[0.283s] DEBUG:colcon.colcon_core.verb:Building package 'task02' with the following arguments: {'ament_cmake_args': None, 'build_base': '/ros2SonyaBurg/Practice02/src/task02/build/task02', 'catkin_cmake_args': None, 'catkin_skip_building_tests': False, 'cmake_args': None, 'cmake_clean_cache': False, 'cmake_clean_first': False, 'cmake_force_configure': False, 'cmake_target': None, 'cmake_target_skip_unavailable': False, 'install_base': '/ros2SonyaBurg/Practice02/src/task02/install/task02', 'merge_install': False, 'path': '/ros2SonyaBurg/Practice02/src/task02', 'symlink_install': False, 'test_result_base': None}
[0.283s] INFO:colcon.colcon_core.executor:Executing jobs using 'parallel' executor
[0.285s] DEBUG:colcon.colcon_parallel_executor.executor.parallel:run_until_complete
[0.285s] INFO:colcon.colcon_ros.task.ament_python.build:Building ROS package in '/ros2SonyaBurg/Practice02/src/task02' with build type 'ament_python'
[0.285s] Level 1:colcon.colcon_core.shell:create_environment_hook('task02', 'ament_prefix_path')
[0.287s] INFO:colcon.colcon_core.plugin_system:Skipping extension 'colcon_core.shell.bat': Not used on non-Windows systems
[0.287s] INFO:colcon.colcon_core.shell:Creating environment hook '/ros2SonyaBurg/Practice02/src/task02/install/task02/share/task02/hook/ament_prefix_path.ps1'
[0.288s] INFO:colcon.colcon_core.shell:Creating environment descriptor '/ros2SonyaBurg/Practice02/src/task02/install/task02/share/task02/hook/ament_prefix_path.dsv'
[0.288s] INFO:colcon.colcon_core.shell:Creating environment hook '/ros2SonyaBurg/Practice02/src/task02/install/task02/share/task02/hook/ament_prefix_path.sh'
[0.289s] INFO:colcon.colcon_core.shell:Skip shell extension 'powershell' for command environment: Not usable outside of PowerShell
[0.289s] DEBUG:colcon.colcon_core.shell:Skip shell extension 'dsv' for command environment
[0.580s] INFO:colcon.colcon_core.task.python.build:Building Python package in '/ros2SonyaBurg/Practice02/src/task02'
[0.580s] INFO:colcon.colcon_core.shell:Skip shell extension 'powershell' for command environment: Not usable outside of PowerShell
[0.580s] DEBUG:colcon.colcon_core.shell:Skip shell extension 'dsv' for command environment
[0.973s] DEBUG:colcon.colcon_core.event_handler.log_command:Invoking command in '/ros2SonyaBurg/Practice02/src/task02': PYTHONPATH=/ros2SonyaBurg/Practice02/src/task02/build/task02/prefix_override:/usr/lib/python3/dist-packages/colcon_core/task/python/colcon_distutils_commands:/ros2SonyaBurg/Practice02/src/task02/install/task02/lib/python3.10/site-packages:${PYTHONPATH} /usr/bin/python3 -W ignore:setup.py install is deprecated setup.py egg_info --egg-base build/task02 build --build-base /ros2SonyaBurg/Practice02/src/task02/build/task02/build install --record /ros2SonyaBurg/Practice02/src/task02/build/task02/install.log --single-version-externally-managed install_data
[1.293s] DEBUG:colcon.colcon_core.event_handler.log_command:Invoked command in '/ros2SonyaBurg/Practice02/src/task02' returned '0': PYTHONPATH=/ros2SonyaBurg/Practice02/src/task02/build/task02/prefix_override:/usr/lib/python3/dist-packages/colcon_core/task/python/colcon_distutils_commands:/ros2SonyaBurg/Practice02/src/task02/install/task02/lib/python3.10/site-packages:${PYTHONPATH} /usr/bin/python3 -W ignore:setup.py install is deprecated setup.py egg_info --egg-base build/task02 build --build-base /ros2SonyaBurg/Practice02/src/task02/build/task02/build install --record /ros2SonyaBurg/Practice02/src/task02/build/task02/install.log --single-version-externally-managed install_data
[1.296s] Level 1:colcon.colcon_core.environment:checking '/ros2SonyaBurg/Practice02/src/task02/install/task02' for CMake module files
[1.297s] Level 1:colcon.colcon_core.environment:checking '/ros2SonyaBurg/Practice02/src/task02/install/task02' for CMake config files
[1.298s] Level 1:colcon.colcon_core.environment:checking '/ros2SonyaBurg/Practice02/src/task02/install/task02/lib'
[1.298s] Level 1:colcon.colcon_core.environment:checking '/ros2SonyaBurg/Practice02/src/task02/install/task02/bin'
[1.298s] Level 1:colcon.colcon_core.environment:checking '/ros2SonyaBurg/Practice02/src/task02/install/task02/lib/pkgconfig/task02.pc'
[1.299s] Level 1:colcon.colcon_core.environment:checking '/ros2SonyaBurg/Practice02/src/task02/install/task02/lib/python3.10/site-packages'
[1.299s] Level 1:colcon.colcon_core.shell:create_environment_hook('task02', 'pythonpath')
[1.299s] INFO:colcon.colcon_core.shell:Creating environment hook '/ros2SonyaBurg/Practice02/src/task02/install/task02/share/task02/hook/pythonpath.ps1'
[1.299s] INFO:colcon.colcon_core.shell:Creating environment descriptor '/ros2SonyaBurg/Practice02/src/task02/install/task02/share/task02/hook/pythonpath.dsv'
[1.300s] INFO:colcon.colcon_core.shell:Creating environment hook '/ros2SonyaBurg/Practice02/src/task02/install/task02/share/task02/hook/pythonpath.sh'
[1.301s] Level 1:colcon.colcon_core.environment:checking '/ros2SonyaBurg/Practice02/src/task02/install/task02/bin'
[1.301s] Level 1:colcon.colcon_core.environment:create_environment_scripts_only(task02)
[1.301s] INFO:colcon.colcon_core.shell:Creating package script '/ros2SonyaBurg/Practice02/src/task02/install/task02/share/task02/package.ps1'
[1.302s] INFO:colcon.colcon_core.shell:Creating package descriptor '/ros2SonyaBurg/Practice02/src/task02/install/task02/share/task02/package.dsv'
[1.303s] INFO:colcon.colcon_core.shell:Creating package script '/ros2SonyaBurg/Practice02/src/task02/install/task02/share/task02/package.sh'
[1.304s] INFO:colcon.colcon_core.shell:Creating package script '/ros2SonyaBurg/Practice02/src/task02/install/task02/share/task02/package.bash'
[1.304s] INFO:colcon.colcon_core.shell:Creating package script '/ros2SonyaBurg/Practice02/src/task02/install/task02/share/task02/package.zsh'
[1.305s] Level 1:colcon.colcon_core.environment:create_file_with_runtime_dependencies(/ros2SonyaBurg/Practice02/src/task02/install/task02/share/colcon-core/packages/task02)
[1.306s] DEBUG:colcon.colcon_parallel_executor.executor.parallel:closing loop
[1.306s] DEBUG:colcon.colcon_parallel_executor.executor.parallel:loop closed
[1.306s] DEBUG:colcon.colcon_parallel_executor.executor.parallel:run_until_complete finished with '0'
[1.306s] DEBUG:colcon.colcon_core.event_reactor:joining thread
[1.314s] INFO:colcon.colcon_core.plugin_system:Skipping extension 'colcon_notification.desktop_notification.notify_send': Could not find 'notify-send'
[1.314s] INFO:colcon.colcon_core.plugin_system:Skipping extension 'colcon_notification.desktop_notification.terminal_notifier': Not used on non-Darwin systems
[1.314s] INFO:colcon.colcon_core.plugin_system:Skipping extension 'colcon_notification.desktop_notification.win32': Not used on non-Windows systems
[1.314s] INFO:colcon.colcon_notification.desktop_notification:Sending desktop notification using 'notify2'
[1.314s] DEBUG:colcon.colcon_notification.desktop_notification.notify2:Failed to initialize notify2: org.freedesktop.DBus.Error.NotSupported: Unable to autolaunch a dbus-daemon without a $DISPLAY for X11
[1.314s] DEBUG:colcon.colcon_core.event_reactor:joined thread
[1.315s] INFO:colcon.colcon_core.shell:Creating prefix script '/ros2SonyaBurg/Practice02/src/task02/install/local_setup.ps1'
[1.316s] INFO:colcon.colcon_core.shell:Creating prefix util module '/ros2SonyaBurg/Practice02/src/task02/install/_local_setup_util_ps1.py'
[1.317s] INFO:colcon.colcon_core.shell:Creating prefix chain script '/ros2SonyaBurg/Practice02/src/task02/install/setup.ps1'
[1.318s] INFO:colcon.colcon_core.shell:Creating prefix script '/ros2SonyaBurg/Practice02/src/task02/install/local_setup.sh'
[1.319s] INFO:colcon.colcon_core.shell:Creating prefix util module '/ros2SonyaBurg/Practice02/src/task02/install/_local_setup_util_sh.py'
[1.319s] INFO:colcon.colcon_core.shell:Creating prefix chain script '/ros2SonyaBurg/Practice02/src/task02/install/setup.sh'
[1.321s] INFO:colcon.colcon_core.shell:Creating prefix script '/ros2SonyaBurg/Practice02/src/task02/install/local_setup.bash'
[1.322s] INFO:colcon.colcon_core.shell:Creating prefix chain script '/ros2SonyaBurg/Practice02/src/task02/install/setup.bash'
[1.323s] INFO:colcon.colcon_core.shell:Creating prefix script '/ros2SonyaBurg/Practice02/src/task02/install/local_setup.zsh'
[1.323s] INFO:colcon.colcon_core.shell:Creating prefix chain script '/ros2SonyaBurg/Practice02/src/task02/install/setup.zsh'
