[1.035s] Invoking command in '/ros2SonyaBurg/Practice02/src/task02': PYTHONPATH=/ros2SonyaBurg/Practice02/src/build/task02/prefix_override:/usr/lib/python3/dist-packages/colcon_core/task/python/colcon_distutils_commands:/ros2SonyaBurg/Practice02/src/install/task02/lib/python3.10/site-packages:${PYTHONPATH} /usr/bin/python3 -W ignore:setup.py install is deprecated setup.py egg_info --egg-base ../build/task02 build --build-base /ros2SonyaBurg/Practice02/src/build/task02/build install --record /ros2SonyaBurg/Practice02/src/build/task02/install.log --single-version-externally-managed install_data
[1.349s] running egg_info
[1.350s] writing ../build/task02/task02.egg-info/PKG-INFO
[1.350s] writing dependency_links to ../build/task02/task02.egg-info/dependency_links.txt
[1.351s] writing entry points to ../build/task02/task02.egg-info/entry_points.txt
[1.351s] writing requirements to ../build/task02/task02.egg-info/requires.txt
[1.351s] writing top-level names to ../build/task02/task02.egg-info/top_level.txt
[1.355s] reading manifest file '../build/task02/task02.egg-info/SOURCES.txt'
[1.356s] writing manifest file '../build/task02/task02.egg-info/SOURCES.txt'
[1.357s] running build
[1.357s] running build_py
[1.357s] running install
[1.358s] running install_lib
[1.360s] running install_data
[1.361s] copying launch/task02.launch -> /ros2SonyaBurg/Practice02/src/install/task02/share/task02/launch
[1.361s] running install_egg_info
[1.366s] removing '/ros2SonyaBurg/Practice02/src/install/task02/lib/python3.10/site-packages/task02-0.0.0-py3.10.egg-info' (and everything under it)
[1.367s] Copying ../build/task02/task02.egg-info to /ros2SonyaBurg/Practice02/src/install/task02/lib/python3.10/site-packages/task02-0.0.0-py3.10.egg-info
[1.368s] running install_scripts
[1.402s] Installing publisher script to /ros2SonyaBurg/Practice02/src/install/task02/lib/task02
[1.402s] writing list of installed files to '/ros2SonyaBurg/Practice02/src/build/task02/install.log'
[1.453s] Invoked command in '/ros2SonyaBurg/Practice02/src/task02' returned '0': PYTHONPATH=/ros2SonyaBurg/Practice02/src/build/task02/prefix_override:/usr/lib/python3/dist-packages/colcon_core/task/python/colcon_distutils_commands:/ros2SonyaBurg/Practice02/src/install/task02/lib/python3.10/site-packages:${PYTHONPATH} /usr/bin/python3 -W ignore:setup.py install is deprecated setup.py egg_info --egg-base ../build/task02 build --build-base /ros2SonyaBurg/Practice02/src/build/task02/build install --record /ros2SonyaBurg/Practice02/src/build/task02/install.log --single-version-externally-managed install_data
