[0.661s] Invoking command in '/ros2SonyaBurg/Practice02/src/task02': PYTHONPATH=/ros2SonyaBurg/Practice02/src/task02/build/task02/prefix_override:/usr/lib/python3/dist-packages/colcon_core/task/python/colcon_distutils_commands:/ros2SonyaBurg/Practice02/src/task02/install/task02/lib/python3.10/site-packages:${PYTHONPATH} /usr/bin/python3 -W ignore:setup.py install is deprecated setup.py egg_info --egg-base build/task02 build --build-base /ros2SonyaBurg/Practice02/src/task02/build/task02/build install --record /ros2SonyaBurg/Practice02/src/task02/build/task02/install.log --single-version-externally-managed install_data
[0.902s] running egg_info
[0.902s] writing build/task02/task02.egg-info/PKG-INFO
[0.903s] writing dependency_links to build/task02/task02.egg-info/dependency_links.txt
[0.903s] writing entry points to build/task02/task02.egg-info/entry_points.txt
[0.903s] writing requirements to build/task02/task02.egg-info/requires.txt
[0.903s] writing top-level names to build/task02/task02.egg-info/top_level.txt
[0.905s] reading manifest file 'build/task02/task02.egg-info/SOURCES.txt'
[0.906s] writing manifest file 'build/task02/task02.egg-info/SOURCES.txt'
[0.906s] running build
[0.906s] running build_py
[0.906s] copying task02/publisher.py -> /ros2SonyaBurg/Practice02/src/task02/build/task02/build/lib/task02
[0.906s] running install
[0.906s] running install_lib
[0.907s] copying /ros2SonyaBurg/Practice02/src/task02/build/task02/build/lib/task02/publisher.py -> /ros2SonyaBurg/Practice02/src/task02/install/task02/lib/python3.10/site-packages/task02
[0.908s] byte-compiling /ros2SonyaBurg/Practice02/src/task02/install/task02/lib/python3.10/site-packages/task02/publisher.py to publisher.cpython-310.pyc
[0.908s] running install_data
[0.909s] running install_egg_info
[0.912s] removing '/ros2SonyaBurg/Practice02/src/task02/install/task02/lib/python3.10/site-packages/task02-0.0.0-py3.10.egg-info' (and everything under it)
[0.912s] Copying build/task02/task02.egg-info to /ros2SonyaBurg/Practice02/src/task02/install/task02/lib/python3.10/site-packages/task02-0.0.0-py3.10.egg-info
[0.913s] running install_scripts
[0.943s] Installing publisher script to /ros2SonyaBurg/Practice02/src/task02/install/task02/lib/task02
[0.944s] writing list of installed files to '/ros2SonyaBurg/Practice02/src/task02/build/task02/install.log'
[0.983s] Invoked command in '/ros2SonyaBurg/Practice02/src/task02' returned '0': PYTHONPATH=/ros2SonyaBurg/Practice02/src/task02/build/task02/prefix_override:/usr/lib/python3/dist-packages/colcon_core/task/python/colcon_distutils_commands:/ros2SonyaBurg/Practice02/src/task02/install/task02/lib/python3.10/site-packages:${PYTHONPATH} /usr/bin/python3 -W ignore:setup.py install is deprecated setup.py egg_info --egg-base build/task02 build --build-base /ros2SonyaBurg/Practice02/src/task02/build/task02/build install --record /ros2SonyaBurg/Practice02/src/task02/build/task02/install.log --single-version-externally-managed install_data
