[1.267s] Invoking command in '/ros2SonyaBurg/Practice02/src/task02': PYTHONPATH=/ros2SonyaBurg/Practice02/src/build/task02/prefix_override:/usr/lib/python3/dist-packages/colcon_core/task/python/colcon_distutils_commands:/ros2SonyaBurg/Practice02/src/install/task02/lib/python3.10/site-packages:${PYTHONPATH} /usr/bin/python3 -W ignore:setup.py install is deprecated setup.py egg_info --egg-base ../build/task02 build --build-base /ros2SonyaBurg/Practice02/src/build/task02/build install --record /ros2SonyaBurg/Practice02/src/build/task02/install.log --single-version-externally-managed install_data
[1.622s] running egg_info
[1.624s] writing ../build/task02/task02.egg-info/PKG-INFO
[1.624s] writing dependency_links to ../build/task02/task02.egg-info/dependency_links.txt
[1.625s] writing entry points to ../build/task02/task02.egg-info/entry_points.txt
[1.625s] writing requirements to ../build/task02/task02.egg-info/requires.txt
[1.625s] writing top-level names to ../build/task02/task02.egg-info/top_level.txt
[1.628s] reading manifest file '../build/task02/task02.egg-info/SOURCES.txt'
[1.629s] writing manifest file '../build/task02/task02.egg-info/SOURCES.txt'
[1.629s] running build
[1.629s] running build_py
[1.630s] copying task02/publisher.py -> /ros2SonyaBurg/Practice02/src/build/task02/build/lib/task02
[1.630s] running install
[1.630s] running install_lib
[1.632s] copying /ros2SonyaBurg/Practice02/src/build/task02/build/lib/task02/publisher.py -> /ros2SonyaBurg/Practice02/src/install/task02/lib/python3.10/site-packages/task02
[1.633s] byte-compiling /ros2SonyaBurg/Practice02/src/install/task02/lib/python3.10/site-packages/task02/publisher.py to publisher.cpython-310.pyc
[1.634s] running install_data
[1.634s] running install_egg_info
[1.640s] removing '/ros2SonyaBurg/Practice02/src/install/task02/lib/python3.10/site-packages/task02-0.0.0-py3.10.egg-info' (and everything under it)
[1.640s] Copying ../build/task02/task02.egg-info to /ros2SonyaBurg/Practice02/src/install/task02/lib/python3.10/site-packages/task02-0.0.0-py3.10.egg-info
[1.641s] running install_scripts
[1.682s] Installing publisher script to /ros2SonyaBurg/Practice02/src/install/task02/lib/task02
[1.683s] writing list of installed files to '/ros2SonyaBurg/Practice02/src/build/task02/install.log'
[1.738s] Invoked command in '/ros2SonyaBurg/Practice02/src/task02' returned '0': PYTHONPATH=/ros2SonyaBurg/Practice02/src/build/task02/prefix_override:/usr/lib/python3/dist-packages/colcon_core/task/python/colcon_distutils_commands:/ros2SonyaBurg/Practice02/src/install/task02/lib/python3.10/site-packages:${PYTHONPATH} /usr/bin/python3 -W ignore:setup.py install is deprecated setup.py egg_info --egg-base ../build/task02 build --build-base /ros2SonyaBurg/Practice02/src/build/task02/build install --record /ros2SonyaBurg/Practice02/src/build/task02/install.log --single-version-externally-managed install_data
