[0.577s] Invoking command in '/ros2SonyaBurg/Practice02/src/task01': PYTHONPATH=/ros2SonyaBurg/Practice02/src/task01/build/task01/prefix_override:/usr/lib/python3/dist-packages/colcon_core/task/python/colcon_distutils_commands:/ros2SonyaBurg/Practice02/src/task01/install/task01/lib/python3.10/site-packages:${PYTHONPATH} /usr/bin/python3 -W ignore:setup.py install is deprecated setup.py egg_info --egg-base build/task01 build --build-base /ros2SonyaBurg/Practice02/src/task01/build/task01/build install --record /ros2SonyaBurg/Practice02/src/task01/build/task01/install.log --single-version-externally-managed install_data
[0.789s] running egg_info
[0.789s] creating build/task01/task01.egg-info
[0.789s] writing build/task01/task01.egg-info/PKG-INFO
[0.789s] writing dependency_links to build/task01/task01.egg-info/dependency_links.txt
[0.790s] writing entry points to build/task01/task01.egg-info/entry_points.txt
[0.790s] writing requirements to build/task01/task01.egg-info/requires.txt
[0.790s] writing top-level names to build/task01/task01.egg-info/top_level.txt
[0.790s] writing manifest file 'build/task01/task01.egg-info/SOURCES.txt'
[0.791s] reading manifest file 'build/task01/task01.egg-info/SOURCES.txt'
[0.792s] writing manifest file 'build/task01/task01.egg-info/SOURCES.txt'
[0.792s] running build
[0.793s] running build_py
[0.793s] creating /ros2SonyaBurg/Practice02/src/task01/build/task01/build
[0.793s] creating /ros2SonyaBurg/Practice02/src/task01/build/task01/build/lib
[0.793s] creating /ros2SonyaBurg/Practice02/src/task01/build/task01/build/lib/task01
[0.793s] copying task01/__init__.py -> /ros2SonyaBurg/Practice02/src/task01/build/task01/build/lib/task01
[0.793s] copying task01/reciever.py -> /ros2SonyaBurg/Practice02/src/task01/build/task01/build/lib/task01
[0.793s] running install
[0.793s] running install_lib
[0.794s] creating /ros2SonyaBurg/Practice02/src/task01/install/task01/lib/python3.10/site-packages/task01
[0.794s] copying /ros2SonyaBurg/Practice02/src/task01/build/task01/build/lib/task01/__init__.py -> /ros2SonyaBurg/Practice02/src/task01/install/task01/lib/python3.10/site-packages/task01
[0.794s] copying /ros2SonyaBurg/Practice02/src/task01/build/task01/build/lib/task01/reciever.py -> /ros2SonyaBurg/Practice02/src/task01/install/task01/lib/python3.10/site-packages/task01
[0.795s] byte-compiling /ros2SonyaBurg/Practice02/src/task01/install/task01/lib/python3.10/site-packages/task01/__init__.py to __init__.cpython-310.pyc
[0.795s] byte-compiling /ros2SonyaBurg/Practice02/src/task01/install/task01/lib/python3.10/site-packages/task01/reciever.py to reciever.cpython-310.pyc
[0.795s] running install_data
[0.796s] creating /ros2SonyaBurg/Practice02/src/task01/install/task01/share/ament_index
[0.796s] creating /ros2SonyaBurg/Practice02/src/task01/install/task01/share/ament_index/resource_index
[0.796s] creating /ros2SonyaBurg/Practice02/src/task01/install/task01/share/ament_index/resource_index/packages
[0.796s] copying resource/task01 -> /ros2SonyaBurg/Practice02/src/task01/install/task01/share/ament_index/resource_index/packages
[0.796s] copying package.xml -> /ros2SonyaBurg/Practice02/src/task01/install/task01/share/task01
[0.796s] creating /ros2SonyaBurg/Practice02/src/task01/install/task01/share/task01/launch
[0.796s] copying ./launch/task01.launch -> /ros2SonyaBurg/Practice02/src/task01/install/task01/share/task01/launch/
[0.796s] running install_egg_info
[0.799s] Copying build/task01/task01.egg-info to /ros2SonyaBurg/Practice02/src/task01/install/task01/lib/python3.10/site-packages/task01-0.0.0-py3.10.egg-info
[0.800s] running install_scripts
[0.825s] writing list of installed files to '/ros2SonyaBurg/Practice02/src/task01/build/task01/install.log'
[0.858s] Invoked command in '/ros2SonyaBurg/Practice02/src/task01' returned '0': PYTHONPATH=/ros2SonyaBurg/Practice02/src/task01/build/task01/prefix_override:/usr/lib/python3/dist-packages/colcon_core/task/python/colcon_distutils_commands:/ros2SonyaBurg/Practice02/src/task01/install/task01/lib/python3.10/site-packages:${PYTHONPATH} /usr/bin/python3 -W ignore:setup.py install is deprecated setup.py egg_info --egg-base build/task01 build --build-base /ros2SonyaBurg/Practice02/src/task01/build/task01/build install --record /ros2SonyaBurg/Practice02/src/task01/build/task01/install.log --single-version-externally-managed install_data
