running egg_info
creating ../build/task03/task03.egg-info
writing ../build/task03/task03.egg-info/PKG-INFO
writing dependency_links to ../build/task03/task03.egg-info/dependency_links.txt
writing entry points to ../build/task03/task03.egg-info/entry_points.txt
writing requirements to ../build/task03/task03.egg-info/requires.txt
writing top-level names to ../build/task03/task03.egg-info/top_level.txt
writing manifest file '../build/task03/task03.egg-info/SOURCES.txt'
reading manifest file '../build/task03/task03.egg-info/SOURCES.txt'
writing manifest file '../build/task03/task03.egg-info/SOURCES.txt'
running build
running build_py
creating /ros2SonyaBurg/Practice02/src/build/task03/build
creating /ros2SonyaBurg/Practice02/src/build/task03/build/lib
creating /ros2SonyaBurg/Practice02/src/build/task03/build/lib/task03
copying task03/service.py -> /ros2SonyaBurg/Practice02/src/build/task03/build/lib/task03
copying task03/__init__.py -> /ros2SonyaBurg/Practice02/src/build/task03/build/lib/task03
running install
running install_lib
creating /ros2SonyaBurg/Practice02/src/install/task03/lib/python3.10/site-packages/task03
copying /ros2SonyaBurg/Practice02/src/build/task03/build/lib/task03/service.py -> /ros2SonyaBurg/Practice02/src/install/task03/lib/python3.10/site-packages/task03
copying /ros2SonyaBurg/Practice02/src/build/task03/build/lib/task03/__init__.py -> /ros2SonyaBurg/Practice02/src/install/task03/lib/python3.10/site-packages/task03
byte-compiling /ros2SonyaBurg/Practice02/src/install/task03/lib/python3.10/site-packages/task03/service.py to service.cpython-310.pyc
byte-compiling /ros2SonyaBurg/Practice02/src/install/task03/lib/python3.10/site-packages/task03/__init__.py to __init__.cpython-310.pyc
Sorry: TabError: inconsistent use of tabs and spaces in indentation (service.py, line 16)
running install_data
creating /ros2SonyaBurg/Practice02/src/install/task03/share/ament_index
creating /ros2SonyaBurg/Practice02/src/install/task03/share/ament_index/resource_index
creating /ros2SonyaBurg/Practice02/src/install/task03/share/ament_index/resource_index/packages
copying resource/task03 -> /ros2SonyaBurg/Practice02/src/install/task03/share/ament_index/resource_index/packages
copying package.xml -> /ros2SonyaBurg/Practice02/src/install/task03/share/task03
running install_egg_info
Copying ../build/task03/task03.egg-info to /ros2SonyaBurg/Practice02/src/install/task03/lib/python3.10/site-packages/task03-0.0.0-py3.10.egg-info
running install_scripts
writing list of installed files to '/ros2SonyaBurg/Practice02/src/build/task03/install.log'
