[1.270s] Invoking command in '/ros2SonyaBurg/Practice02/src/task03': PYTHONPATH=/ros2SonyaBurg/Practice02/src/build/task03/prefix_override:/usr/lib/python3/dist-packages/colcon_core/task/python/colcon_distutils_commands:/ros2SonyaBurg/Practice02/src/install/task03/lib/python3.10/site-packages:${PYTHONPATH} /usr/bin/python3 -W ignore:setup.py install is deprecated setup.py egg_info --egg-base ../build/task03 build --build-base /ros2SonyaBurg/Practice02/src/build/task03/build install --record /ros2SonyaBurg/Practice02/src/build/task03/install.log --single-version-externally-managed install_data
[1.603s] running egg_info
[1.604s] creating ../build/task03/task03.egg-info
[1.605s] writing ../build/task03/task03.egg-info/PKG-INFO
[1.605s] writing dependency_links to ../build/task03/task03.egg-info/dependency_links.txt
[1.605s] writing entry points to ../build/task03/task03.egg-info/entry_points.txt
[1.606s] writing requirements to ../build/task03/task03.egg-info/requires.txt
[1.607s] writing top-level names to ../build/task03/task03.egg-info/top_level.txt
[1.607s] writing manifest file '../build/task03/task03.egg-info/SOURCES.txt'
[1.608s] reading manifest file '../build/task03/task03.egg-info/SOURCES.txt'
[1.609s] writing manifest file '../build/task03/task03.egg-info/SOURCES.txt'
[1.609s] running build
[1.609s] running build_py
[1.610s] creating /ros2SonyaBurg/Practice02/src/build/task03/build
[1.610s] creating /ros2SonyaBurg/Practice02/src/build/task03/build/lib
[1.610s] creating /ros2SonyaBurg/Practice02/src/build/task03/build/lib/task03
[1.610s] copying task03/service.py -> /ros2SonyaBurg/Practice02/src/build/task03/build/lib/task03
[1.610s] copying task03/__init__.py -> /ros2SonyaBurg/Practice02/src/build/task03/build/lib/task03
[1.611s] running install
[1.611s] running install_lib
[1.612s] creating /ros2SonyaBurg/Practice02/src/install/task03/lib/python3.10/site-packages/task03
[1.612s] copying /ros2SonyaBurg/Practice02/src/build/task03/build/lib/task03/service.py -> /ros2SonyaBurg/Practice02/src/install/task03/lib/python3.10/site-packages/task03
[1.612s] copying /ros2SonyaBurg/Practice02/src/build/task03/build/lib/task03/__init__.py -> /ros2SonyaBurg/Practice02/src/install/task03/lib/python3.10/site-packages/task03
[1.613s] byte-compiling /ros2SonyaBurg/Practice02/src/install/task03/lib/python3.10/site-packages/task03/service.py to service.cpython-310.pyc
[1.613s] byte-compiling /ros2SonyaBurg/Practice02/src/install/task03/lib/python3.10/site-packages/task03/__init__.py to __init__.cpython-310.pyc
[1.613s] Sorry: TabError: inconsistent use of tabs and spaces in indentation (service.py, line 16)
[1.614s] running install_data
[1.614s] creating /ros2SonyaBurg/Practice02/src/install/task03/share/ament_index
[1.614s] creating /ros2SonyaBurg/Practice02/src/install/task03/share/ament_index/resource_index
[1.615s] creating /ros2SonyaBurg/Practice02/src/install/task03/share/ament_index/resource_index/packages
[1.615s] copying resource/task03 -> /ros2SonyaBurg/Practice02/src/install/task03/share/ament_index/resource_index/packages
[1.615s] copying package.xml -> /ros2SonyaBurg/Practice02/src/install/task03/share/task03
[1.615s] running install_egg_info
[1.619s] Copying ../build/task03/task03.egg-info to /ros2SonyaBurg/Practice02/src/install/task03/lib/python3.10/site-packages/task03-0.0.0-py3.10.egg-info
[1.620s] running install_scripts
[1.661s] writing list of installed files to '/ros2SonyaBurg/Practice02/src/build/task03/install.log'
[1.723s] Invoked command in '/ros2SonyaBurg/Practice02/src/task03' returned '0': PYTHONPATH=/ros2SonyaBurg/Practice02/src/build/task03/prefix_override:/usr/lib/python3/dist-packages/colcon_core/task/python/colcon_distutils_commands:/ros2SonyaBurg/Practice02/src/install/task03/lib/python3.10/site-packages:${PYTHONPATH} /usr/bin/python3 -W ignore:setup.py install is deprecated setup.py egg_info --egg-base ../build/task03 build --build-base /ros2SonyaBurg/Practice02/src/build/task03/build install --record /ros2SonyaBurg/Practice02/src/build/task03/install.log --single-version-externally-managed install_data
